<?xml version="1.0" encoding="UTF-8"?>
<testsuite xmlns:xsi="http://www.w3.org/2001/XMLSchema-instance" xsi:noNamespaceSchemaLocation="https://maven.apache.org/surefire/maven-surefire-plugin/xsd/surefire-test-report.xsd" name="edu.hanyang.ExternalSortTest" time="0" tests="1" errors="0" skipped="1" failures="0">
  <properties>
    <property name="java.specification.version" value="17"/>
    <property name="sun.cpu.isalist" value="amd64"/>
    <property name="sun.jnu.encoding" value="MS949"/>
    <property name="java.class.path" value="C:\Users\qkrwn\eclipse-workspace\HanyangSE-submit-main\HanyangSE-submit-main\target\test-classes;C:\Users\qkrwn\eclipse-workspace\HanyangSE-submit-main\HanyangSE-submit-main\target\classes;C:\Users\qkrwn\.m2\repository\org\apache\lucene\lucene-analyzers-common\7.2.1\lucene-analyzers-common-7.2.1.jar;C:\Users\qkrwn\.m2\repository\org\apache\lucene\lucene-core\7.2.1\lucene-core-7.2.1.jar;C:\Users\qkrwn\.m2\repository\org\apache\commons\commons-lang3\3.7\commons-lang3-3.7.jar;C:\Users\qkrwn\.m2\repository\commons-cli\commons-cli\1.4\commons-cli-1.4.jar;C:\Users\qkrwn\.m2\repository\com\googlecode\json-simple\json-simple\1.1.1\json-simple-1.1.1.jar;C:\Users\qkrwn\.m2\repository\org\xerial\sqlite-jdbc\3.31.1\sqlite-jdbc-3.31.1.jar;C:\Users\qkrwn\.m2\repository\junit\junit\4.13.2\junit-4.13.2.jar;C:\Users\qkrwn\.m2\repository\org\hamcrest\hamcrest-core\1.3\hamcrest-core-1.3.jar;C:\Users\qkrwn\.m2\repository\org\bitbucket\eunjeon\seunjeon_2.12\1.3.1\seunjeon_2.12-1.3.1.jar;C:\Users\qkrwn\.m2\repository\org\scala-lang\scala-library\2.12.0\scala-library-2.12.0.jar;C:\Users\qkrwn\.m2\repository\org\slf4j\slf4j-jdk14\1.7.12\slf4j-jdk14-1.7.12.jar;C:\Users\qkrwn\.m2\repository\org\slf4j\slf4j-api\1.7.12\slf4j-api-1.7.12.jar;C:\Users\qkrwn\.m2\repository\com\typesafe\scala-logging\scala-logging_2.12\3.5.0\scala-logging_2.12-3.5.0.jar;C:\Users\qkrwn\.m2\repository\org\scala-lang\scala-reflect\2.12.0\scala-reflect-2.12.0.jar;C:\Users\qkrwn\.m2\repository\io\github\hyerica-bdml\hanyangse\1.0\hanyangse-1.0.jar;C:\Users\qkrwn\.m2\repository\com\sun\net\httpserver\http\20070405\http-20070405.jar;C:\Users\qkrwn\.m2\repository\mysql\mysql-connector-java\5.1.46\mysql-connector-java-5.1.46.jar;"/>
    <property name="java.vm.vendor" value="Eclipse Adoptium"/>
    <property name="sun.arch.data.model" value="64"/>
    <property name="user.variant" value=""/>
    <property name="java.vendor.url" value="https://adoptium.net/"/>
    <property name="os.name" value="Windows 11"/>
    <property name="java.vm.specification.version" value="17"/>
    <property name="sun.java.launcher" value="SUN_STANDARD"/>
    <property name="user.country" value="KR"/>
    <property name="sun.boot.library.path" value="C:\Users\qkrwn\.p2\pool\plugins\org.eclipse.justj.openjdk.hotspot.jre.full.win32.x86_64_17.0.2.v20220201-1208\jre\bin"/>
    <property name="sun.java.command" value="C:\Users\qkrwn\AppData\Local\Temp\surefire16539683187083829161\surefirebooter11769513376372963345.jar C:\Users\qkrwn\AppData\Local\Temp\surefire16539683187083829161 2023-05-24T21-02-44_504-jvmRun1 surefire9885230101879985359tmp surefire_017115308601453337378tmp"/>
    <property name="jdk.debug" value="release"/>
    <property name="surefire.test.class.path" value="C:\Users\qkrwn\eclipse-workspace\HanyangSE-submit-main\HanyangSE-submit-main\target\test-classes;C:\Users\qkrwn\eclipse-workspace\HanyangSE-submit-main\HanyangSE-submit-main\target\classes;C:\Users\qkrwn\.m2\repository\org\apache\lucene\lucene-analyzers-common\7.2.1\lucene-analyzers-common-7.2.1.jar;C:\Users\qkrwn\.m2\repository\org\apache\lucene\lucene-core\7.2.1\lucene-core-7.2.1.jar;C:\Users\qkrwn\.m2\repository\org\apache\commons\commons-lang3\3.7\commons-lang3-3.7.jar;C:\Users\qkrwn\.m2\repository\commons-cli\commons-cli\1.4\commons-cli-1.4.jar;C:\Users\qkrwn\.m2\repository\com\googlecode\json-simple\json-simple\1.1.1\json-simple-1.1.1.jar;C:\Users\qkrwn\.m2\repository\org\xerial\sqlite-jdbc\3.31.1\sqlite-jdbc-3.31.1.jar;C:\Users\qkrwn\.m2\repository\junit\junit\4.13.2\junit-4.13.2.jar;C:\Users\qkrwn\.m2\repository\org\hamcrest\hamcrest-core\1.3\hamcrest-core-1.3.jar;C:\Users\qkrwn\.m2\repository\org\bitbucket\eunjeon\seunjeon_2.12\1.3.1\seunjeon_2.12-1.3.1.jar;C:\Users\qkrwn\.m2\repository\org\scala-lang\scala-library\2.12.0\scala-library-2.12.0.jar;C:\Users\qkrwn\.m2\repository\org\slf4j\slf4j-jdk14\1.7.12\slf4j-jdk14-1.7.12.jar;C:\Users\qkrwn\.m2\repository\org\slf4j\slf4j-api\1.7.12\slf4j-api-1.7.12.jar;C:\Users\qkrwn\.m2\repository\com\typesafe\scala-logging\scala-logging_2.12\3.5.0\scala-logging_2.12-3.5.0.jar;C:\Users\qkrwn\.m2\repository\org\scala-lang\scala-reflect\2.12.0\scala-reflect-2.12.0.jar;C:\Users\qkrwn\.m2\repository\io\github\hyerica-bdml\hanyangse\1.0\hanyangse-1.0.jar;C:\Users\qkrwn\.m2\repository\com\sun\net\httpserver\http\20070405\http-20070405.jar;C:\Users\qkrwn\.m2\repository\mysql\mysql-connector-java\5.1.46\mysql-connector-java-5.1.46.jar;"/>
    <property name="sun.cpu.endian" value="little"/>
    <property name="user.home" value="C:\Users\qkrwn"/>
    <property name="user.language" value="ko"/>
    <property name="java.specification.vendor" value="Oracle Corporation"/>
    <property name="java.version.date" value="2022-01-18"/>
    <property name="java.home" value="C:\Users\qkrwn\.p2\pool\plugins\org.eclipse.justj.openjdk.hotspot.jre.full.win32.x86_64_17.0.2.v20220201-1208\jre"/>
    <property name="file.separator" value="\"/>
    <property name="basedir" value="C:\Users\qkrwn\eclipse-workspace\HanyangSE-submit-main\HanyangSE-submit-main"/>
    <property name="java.vm.compressedOopsMode" value="32-bit"/>
    <property name="line.separator" value="&#10;"/>
    <property name="java.vm.specification.vendor" value="Oracle Corporation"/>
    <property name="java.specification.name" value="Java Platform API Specification"/>
    <property name="surefire.real.class.path" value="C:\Users\qkrwn\AppData\Local\Temp\surefire16539683187083829161\surefirebooter11769513376372963345.jar"/>
    <property name="user.script" value=""/>
    <property name="sun.management.compiler" value="HotSpot 64-Bit Tiered Compilers"/>
    <property name="java.runtime.version" value="17.0.2+8"/>
    <property name="user.name" value="qkrwn"/>
    <property name="path.separator" value=";"/>
    <property name="os.version" value="10.0"/>
    <property name="java.runtime.name" value="OpenJDK Runtime Environment"/>
    <property name="file.encoding" value="MS949"/>
    <property name="java.vm.name" value="OpenJDK 64-Bit Server VM"/>
    <property name="java.vendor.version" value="Temurin-17.0.2+8"/>
    <property name="localRepository" value="C:\Users\qkrwn\.m2\repository"/>
    <property name="java.vendor.url.bug" value="https://github.com/adoptium/adoptium-support/issues"/>
    <property name="java.io.tmpdir" value="C:\Users\qkrwn\AppData\Local\Temp\"/>
    <property name="java.version" value="17.0.2"/>
    <property name="user.dir" value="C:\Users\qkrwn\eclipse-workspace\HanyangSE-submit-main\HanyangSE-submit-main"/>
    <property name="os.arch" value="amd64"/>
    <property name="java.vm.specification.name" value="Java Virtual Machine Specification"/>
    <property name="sun.os.patch.level" value=""/>
    <property name="native.encoding" value="MS949"/>
    <property name="java.library.path" value="C:\Users\qkrwn\.p2\pool\plugins\org.eclipse.justj.openjdk.hotspot.jre.full.win32.x86_64_17.0.2.v20220201-1208\jre\bin;C:\WINDOWS\Sun\Java\bin;C:\WINDOWS\system32;C:\WINDOWS;C:/Users/qkrwn/.p2/pool/plugins/org.eclipse.justj.openjdk.hotspot.jre.full.win32.x86_64_17.0.2.v20220201-1208/jre/bin/server;C:/Users/qkrwn/.p2/pool/plugins/org.eclipse.justj.openjdk.hotspot.jre.full.win32.x86_64_17.0.2.v20220201-1208/jre/bin;C:\app\qkrwn\product\21c\dbhomeXE\bin;C:\Program Files (x86)\VMware\VMware Player\bin\;C:\WINDOWS\system32;C:\WINDOWS;C:\WINDOWS\System32\Wbem;C:\WINDOWS\System32\WindowsPowerShell\v1.0\;C:\WINDOWS\System32\OpenSSH\;C:\Program Files (x86)\PuTTY\;C:\Program Files\Docker\Docker\resources\bin;C:\ProgramData\DockerDesktop\version-bin;C:\Program Files\dotnet\;C:\Program Files\MySQL\MySQL Server 8.0\bin;C:\tools\apache-maven-3.9.1-bin\apache-maven-3.9.1;C:\Program Files\Git\cmd;C:\Users\qkrwn\anaconda3;C:\Users\qkrwn\anaconda3\Library\mingw-w64\bin;C:\Users\qkrwn\anaconda3\Library\usr\bin;C:\Users\qkrwn\anaconda3\Library\bin;C:\Users\qkrwn\anaconda3\Scripts;C:\Program Files\MySQL\MySQL Shell 8.0\bin\;C:\Users\qkrwn\AppData\Local\Microsoft\WindowsApps;C:\Users\qkrwn\AppData\Local\Programs\Microsoft VS Code\bin;C:\Program Files\JetBrains\IntelliJ IDEA Community Edition 2023.1.2\bin;;C:\Users\qkrwn\Desktop;;."/>
    <property name="java.vm.info" value="mixed mode"/>
    <property name="java.vendor" value="Eclipse Adoptium"/>
    <property name="java.vm.version" value="17.0.2+8"/>
    <property name="sun.io.unicode.encoding" value="UnicodeLittle"/>
    <property name="java.class.version" value="61.0"/>
  </properties>
  <testcase name="edu.hanyang.ExternalSortTest" classname="edu.hanyang.ExternalSortTest" time="0">
    <skipped message="Delete this line to unit test stage1"/>
  </testcase>
</testsuite>